<?xml version="1.0" encoding="UTF-8"?>
<!-- Generated by org.testng.reporters.JUnitXMLReporter -->
<testsuite hostname="DESKTOP-JOCF003" ignored="0" name="Test" tests="1" failures="1" timestamp="15 Aug 2020 13:15:32 GMT" time="8.416" errors="0">
  <testcase name="loginApps" time="0.058" classname="com.testcases.TC_LoginTest_001">
    <failure type="java.lang.IllegalStateException" message="Cannot get a STRING value from a NUMERIC cell">
      <![CDATA[java.lang.IllegalStateException: Cannot get a STRING value from a NUMERIC cell
at org.apache.poi.xssf.usermodel.XSSFCell.typeMismatch(XSSFCell.java:1035)
at org.apache.poi.xssf.usermodel.XSSFCell.getRichStringCellValue(XSSFCell.java:390)
at org.apache.poi.xssf.usermodel.XSSFCell.getStringCellValue(XSSFCell.java:342)
at com.utility.ExcelData.getStringData(ExcelData.java:35)
at com.testcases.TC_LoginTest_001.loginApps(TC_LoginTest_001.java:22)
... Removed 25 stack frames]]>
    </failure>
  </testcase> <!-- loginApps -->
</testsuite> <!-- Test -->
