<?xml version="1.0" encoding="UTF-8"?>
<!-- Generated by org.testng.reporters.JUnitXMLReporter -->
<testsuite hostname="DESKTOP-JOCF003" ignored="2" name="Test" tests="3" failures="0" timestamp="01 Sep 2020 11:52:58 GMT" time="25.32" errors="0">
  <testcase name="@BeforeClass setup" time="0.004" classname="com.pages.BaseClass">
    <failure type="java.lang.NullPointerException">
      <![CDATA[java.lang.NullPointerException
at com.pages.BaseClass.setup(BaseClass.java:56)
... Removed 26 stack frames]]>
    </failure>
  </testcase> <!-- @BeforeClass setup -->
  <testcase name="@AfterMethod teardownMethod" time="0.0" classname="com.pages.BaseClass">
    <skipped/>
  </testcase> <!-- @AfterMethod teardownMethod -->
  <testcase name="@AfterClass teardown" time="0.0" classname="com.pages.BaseClass">
    <skipped/>
  </testcase> <!-- @AfterClass teardown -->
  <testcase name="@BeforeClass setup" time="0.001" classname="com.pages.BaseClass">
    <failure type="java.lang.NullPointerException">
      <![CDATA[java.lang.NullPointerException
at com.pages.BaseClass.setup(BaseClass.java:56)
... Removed 26 stack frames]]>
    </failure>
  </testcase> <!-- @BeforeClass setup -->
  <testcase name="@AfterMethod teardownMethod" time="0.0" classname="com.pages.BaseClass">
    <skipped/>
  </testcase> <!-- @AfterMethod teardownMethod -->
  <testcase name="@AfterClass teardown" time="0.0" classname="com.pages.BaseClass">
    <skipped/>
  </testcase> <!-- @AfterClass teardown -->
  <testcase name="loginApps" time="9.598" classname="com.testcases.TC_LoginPage_001"/>
  <testcase name="CartPaymentProcess" time="0.0" classname="com.testcases.TC_CartTest_003">
    <skipped/>
  </testcase> <!-- CartPaymentProcess -->
  <testcase name="SearchItems" time="0.0" classname="com.testcases.TC_SearchProduct_002">
    <skipped/>
  </testcase> <!-- SearchItems -->
  <testcase name="@BeforeSuite Setupsuite" time="0.0" classname="com.pages.BaseClass">
    <ignored/>
  </testcase> <!-- @BeforeSuite Setupsuite -->
  <testcase name="@BeforeSuite Setupsuite" time="0.0" classname="com.pages.BaseClass">
    <ignored/>
  </testcase> <!-- @BeforeSuite Setupsuite -->
</testsuite> <!-- Test -->
