<?xml version="1.0" encoding="UTF-8"?>
<!-- Generated by org.testng.reporters.JUnitXMLReporter -->
<testsuite hostname="DESKTOP-JOCF003" ignored="1" name="Test1" tests="2" failures="0" timestamp="17 Aug 2020 11:10:17 GMT" time="22.724" errors="0">
  <testcase name="@BeforeMethod setup" time="0.001" classname="com.pages.BaseClass">
    <failure type="java.lang.NullPointerException">
      <![CDATA[java.lang.NullPointerException
at com.pages.BaseClass.setup(BaseClass.java:51)
... Removed 28 stack frames]]>
    </failure>
  </testcase> <!-- @BeforeMethod setup -->
  <testcase name="@AfterMethod teardownMethod" time="0.0" classname="com.pages.BaseClass">
    <skipped/>
  </testcase> <!-- @AfterMethod teardownMethod -->
  <testcase name="@AfterClass teardown" time="0.0" classname="com.pages.BaseClass">
    <skipped/>
  </testcase> <!-- @AfterClass teardown -->
  <testcase name="loginApps" time="11.249" classname="com.testcases.TC_LoginTest_001"/>
  <testcase name="SearchItems" time="0.0" classname="com.testcases.TC_SearchProduct_002">
    <skipped/>
  </testcase> <!-- SearchItems -->
  <testcase name="@BeforeSuite Setupsuite" time="0.0" classname="com.pages.BaseClass">
    <ignored/>
  </testcase> <!-- @BeforeSuite Setupsuite -->
</testsuite> <!-- Test1 -->
